The system is: Darwin - 22.3.0 - x86_64
Compiling the CXX compiler identification source file "CMakeCXXCompilerId.cpp" succeeded.
Compiler: /Library/Developer/CommandLineTools/usr/bin/c++ 
Build flags: 
Id flags:  

The output was:
0


Compilation of the CXX compiler identification source "CMakeCXXCompilerId.cpp" produced "a.out"

The CXX compiler identification is AppleClang, found in "/Users/haophancs/Desktop/simple-graph-tool/build/CMakeFiles/3.24.2/CompilerIdCXX/a.out"

Detecting CXX compiler ABI info compiled with the following output:
Change Dir: /Users/haophancs/Desktop/simple-graph-tool/build/CMakeFiles/CMakeTmp

Run Build Command(s):/usr/bin/make -f Makefile cmTC_0a6a9/fast && /Library/Developer/CommandLineTools/usr/bin/make  -f CMakeFiles/cmTC_0a6a9.dir/build.make CMakeFiles/cmTC_0a6a9.dir/build
Building CXX object CMakeFiles/cmTC_0a6a9.dir/CMakeCXXCompilerABI.cpp.o
/Library/Developer/CommandLineTools/usr/bin/c++   -isysroot /Library/Developer/CommandLineTools/SDKs/MacOSX13.3.sdk -mmacosx-version-min=13.2   -v -Wl,-v -MD -MT CMakeFiles/cmTC_0a6a9.dir/CMakeCXXCompilerABI.cpp.o -MF CMakeFiles/cmTC_0a6a9.dir/CMakeCXXCompilerABI.cpp.o.d -o CMakeFiles/cmTC_0a6a9.dir/CMakeCXXCompilerABI.cpp.o -c /usr/local/Cellar/cmake/3.24.2/share/cmake/Modules/CMakeCXXCompilerABI.cpp
Apple clang version 14.0.3 (clang-1403.0.22.14.1)
Target: x86_64-apple-darwin22.3.0
Thread model: posix
InstalledDir: /Library/Developer/CommandLineTools/usr/bin
clang: warning: -Wl,-v: 'linker' input unused [-Wunused-command-line-argument]
 "/Library/Developer/CommandLineTools/usr/bin/clang" -cc1 -triple x86_64-apple-macosx13.2.0 -Wundef-prefix=TARGET_OS_ -Wdeprecated-objc-isa-usage -Werror=deprecated-objc-isa-usage -Werror=implicit-function-declaration -emit-obj -mrelax-all --mrelax-relocations -disable-free -clear-ast-before-backend -disable-llvm-verifier -discard-value-names -main-file-name CMakeCXXCompilerABI.cpp -mrelocation-model pic -pic-level 2 -mframe-pointer=all -fno-strict-return -ffp-contract=on -fno-rounding-math -funwind-tables=2 -target-sdk-version=13.3 -fvisibility-inlines-hidden-static-local-var -target-cpu penryn -tune-cpu generic -mllvm -treat-scalable-fixed-error-as-warning -debugger-tuning=lldb -target-linker-version 857.1 -v -fcoverage-compilation-dir=/Users/haophancs/Desktop/simple-graph-tool/build/CMakeFiles/CMakeTmp -resource-dir /Library/Developer/CommandLineTools/usr/lib/clang/14.0.3 -dependency-file CMakeFiles/cmTC_0a6a9.dir/CMakeCXXCompilerABI.cpp.o.d -skip-unused-modulemap-deps -MT CMakeFiles/cmTC_0a6a9.dir/CMakeCXXCompilerABI.cpp.o -sys-header-deps -isysroot /Library/Developer/CommandLineTools/SDKs/MacOSX13.3.sdk -stdlib=libc++ -internal-isystem /Library/Developer/CommandLineTools/SDKs/MacOSX13.3.sdk/usr/include/c++/v1 -internal-isystem /Library/Developer/CommandLineTools/SDKs/MacOSX13.3.sdk/usr/local/include -internal-isystem /Library/Developer/CommandLineTools/usr/lib/clang/14.0.3/include -internal-externc-isystem /Library/Developer/CommandLineTools/SDKs/MacOSX13.3.sdk/usr/include -internal-externc-isystem /Library/Developer/CommandLineTools/usr/include -Wno-reorder-init-list -Wno-implicit-int-float-conversion -Wno-c99-designator -Wno-final-dtor-non-final-class -Wno-extra-semi-stmt -Wno-misleading-indentation -Wno-quoted-include-in-framework-header -Wno-implicit-fallthrough -Wno-enum-enum-conversion -Wno-enum-float-conversion -Wno-elaborated-enum-base -Wno-reserved-identifier -Wno-gnu-folding-constant -fdeprecated-macro -fdebug-compilation-dir=/Users/haophancs/Desktop/simple-graph-tool/build/CMakeFiles/CMakeTmp -ferror-limit 19 -stack-protector 1 -fstack-check -mdarwin-stkchk-strong-link -fblocks -fencode-extended-block-signature -fregister-global-dtors-with-atexit -fgnuc-version=4.2.1 -fno-cxx-modules -no-opaque-pointers -fcxx-exceptions -fexceptions -fmax-type-align=16 -fcommon -clang-vendor-feature=+disableNonDependentMemberExprInCurrentInstantiation -fno-odr-hash-protocols -clang-vendor-feature=+enableAggressiveVLAFolding -clang-vendor-feature=+revert09abecef7bbf -clang-vendor-feature=+thisNoAlignAttr -clang-vendor-feature=+thisNoNullAttr -mllvm -disable-aligned-alloc-awareness=1 -D__GCC_HAVE_DWARF2_CFI_ASM=1 -o CMakeFiles/cmTC_0a6a9.dir/CMakeCXXCompilerABI.cpp.o -x c++ /usr/local/Cellar/cmake/3.24.2/share/cmake/Modules/CMakeCXXCompilerABI.cpp
clang -cc1 version 14.0.3 (clang-1403.0.22.14.1) default target x86_64-apple-darwin22.3.0
ignoring nonexistent directory "/Library/Developer/CommandLineTools/SDKs/MacOSX13.3.sdk/usr/local/include"
ignoring nonexistent directory "/Library/Developer/CommandLineTools/SDKs/MacOSX13.3.sdk/Library/Frameworks"
#include "..." search starts here:
#include <...> search starts here:
 /Library/Developer/CommandLineTools/SDKs/MacOSX13.3.sdk/usr/include/c++/v1
 /Library/Developer/CommandLineTools/usr/lib/clang/14.0.3/include
 /Library/Developer/CommandLineTools/SDKs/MacOSX13.3.sdk/usr/include
 /Library/Developer/CommandLineTools/usr/include
 /Library/Developer/CommandLineTools/SDKs/MacOSX13.3.sdk/System/Library/Frameworks (framework directory)
End of search list.
Linking CXX executable cmTC_0a6a9
/usr/local/Cellar/cmake/3.24.2/bin/cmake -E cmake_link_script CMakeFiles/cmTC_0a6a9.dir/link.txt --verbose=1
/Library/Developer/CommandLineTools/usr/bin/c++  -isysroot /Library/Developer/CommandLineTools/SDKs/MacOSX13.3.sdk -mmacosx-version-min=13.2 -Wl,-search_paths_first -Wl,-headerpad_max_install_names  -v -Wl,-v CMakeFiles/cmTC_0a6a9.dir/CMakeCXXCompilerABI.cpp.o -o cmTC_0a6a9 
Apple clang version 14.0.3 (clang-1403.0.22.14.1)
Target: x86_64-apple-darwin22.3.0
Thread model: posix
InstalledDir: /Library/Developer/CommandLineTools/usr/bin
 "/Library/Developer/CommandLineTools/usr/bin/ld" -demangle -lto_library /Library/Developer/CommandLineTools/usr/lib/libLTO.dylib -dynamic -arch x86_64 -platform_version macos 13.2.0 13.3 -syslibroot /Library/Developer/CommandLineTools/SDKs/MacOSX13.3.sdk -o cmTC_0a6a9 -L. -L/Library/Developer/CommandLineTools/SDKs/MacOSX.sdk/usr/lib -search_paths_first -headerpad_max_install_names -v CMakeFiles/cmTC_0a6a9.dir/CMakeCXXCompilerABI.cpp.o -lc++ -lSystem /Library/Developer/CommandLineTools/usr/lib/clang/14.0.3/lib/darwin/libclang_rt.osx.a
@(#)PROGRAM:ld  PROJECT:ld64-857.1
BUILD 16:59:53 Feb 24 2023
configured to support archs: armv6 armv7 armv7s arm64 arm64e arm64_32 i386 x86_64 x86_64h armv6m armv7k armv7m armv7em
Library search paths:
	.
	/Library/Developer/CommandLineTools/SDKs/MacOSX.sdk/usr/lib
	/Library/Developer/CommandLineTools/SDKs/MacOSX13.3.sdk/usr/lib
Framework search paths:
	/Library/Developer/CommandLineTools/SDKs/MacOSX13.3.sdk/System/Library/Frameworks/



Parsed CXX implicit include dir info from above output: rv=done
  found start of include info
  found start of implicit include info
    add: [/Library/Developer/CommandLineTools/SDKs/MacOSX13.3.sdk/usr/include/c++/v1]
    add: [/Library/Developer/CommandLineTools/usr/lib/clang/14.0.3/include]
    add: [/Library/Developer/CommandLineTools/SDKs/MacOSX13.3.sdk/usr/include]
    add: [/Library/Developer/CommandLineTools/usr/include]
  end of search list found
  collapse include dir [/Library/Developer/CommandLineTools/SDKs/MacOSX13.3.sdk/usr/include/c++/v1] ==> [/Library/Developer/CommandLineTools/SDKs/MacOSX13.3.sdk/usr/include/c++/v1]
  collapse include dir [/Library/Developer/CommandLineTools/usr/lib/clang/14.0.3/include] ==> [/Library/Developer/CommandLineTools/usr/lib/clang/14.0.3/include]
  collapse include dir [/Library/Developer/CommandLineTools/SDKs/MacOSX13.3.sdk/usr/include] ==> [/Library/Developer/CommandLineTools/SDKs/MacOSX13.3.sdk/usr/include]
  collapse include dir [/Library/Developer/CommandLineTools/usr/include] ==> [/Library/Developer/CommandLineTools/usr/include]
  implicit include dirs: [/Library/Developer/CommandLineTools/SDKs/MacOSX13.3.sdk/usr/include/c++/v1;/Library/Developer/CommandLineTools/usr/lib/clang/14.0.3/include;/Library/Developer/CommandLineTools/SDKs/MacOSX13.3.sdk/usr/include;/Library/Developer/CommandLineTools/usr/include]


Parsed CXX implicit link information from above output:
  link line regex: [^( *|.*[/\])(ld|CMAKE_LINK_STARTFILE-NOTFOUND|([^/\]+-)?ld|collect2)[^/\]*( |$)]
  ignore line: [Change Dir: /Users/haophancs/Desktop/simple-graph-tool/build/CMakeFiles/CMakeTmp]
  ignore line: []
  ignore line: [Run Build Command(s):/usr/bin/make -f Makefile cmTC_0a6a9/fast && /Library/Developer/CommandLineTools/usr/bin/make  -f CMakeFiles/cmTC_0a6a9.dir/build.make CMakeFiles/cmTC_0a6a9.dir/build]
  ignore line: [Building CXX object CMakeFiles/cmTC_0a6a9.dir/CMakeCXXCompilerABI.cpp.o]
  ignore line: [/Library/Developer/CommandLineTools/usr/bin/c++   -isysroot /Library/Developer/CommandLineTools/SDKs/MacOSX13.3.sdk -mmacosx-version-min=13.2   -v -Wl -v -MD -MT CMakeFiles/cmTC_0a6a9.dir/CMakeCXXCompilerABI.cpp.o -MF CMakeFiles/cmTC_0a6a9.dir/CMakeCXXCompilerABI.cpp.o.d -o CMakeFiles/cmTC_0a6a9.dir/CMakeCXXCompilerABI.cpp.o -c /usr/local/Cellar/cmake/3.24.2/share/cmake/Modules/CMakeCXXCompilerABI.cpp]
  ignore line: [Apple clang version 14.0.3 (clang-1403.0.22.14.1)]
  ignore line: [Target: x86_64-apple-darwin22.3.0]
  ignore line: [Thread model: posix]
  ignore line: [InstalledDir: /Library/Developer/CommandLineTools/usr/bin]
  ignore line: [clang: warning: -Wl -v: 'linker' input unused [-Wunused-command-line-argument]]
  ignore line: [ "/Library/Developer/CommandLineTools/usr/bin/clang" -cc1 -triple x86_64-apple-macosx13.2.0 -Wundef-prefix=TARGET_OS_ -Wdeprecated-objc-isa-usage -Werror=deprecated-objc-isa-usage -Werror=implicit-function-declaration -emit-obj -mrelax-all --mrelax-relocations -disable-free -clear-ast-before-backend -disable-llvm-verifier -discard-value-names -main-file-name CMakeCXXCompilerABI.cpp -mrelocation-model pic -pic-level 2 -mframe-pointer=all -fno-strict-return -ffp-contract=on -fno-rounding-math -funwind-tables=2 -target-sdk-version=13.3 -fvisibility-inlines-hidden-static-local-var -target-cpu penryn -tune-cpu generic -mllvm -treat-scalable-fixed-error-as-warning -debugger-tuning=lldb -target-linker-version 857.1 -v -fcoverage-compilation-dir=/Users/haophancs/Desktop/simple-graph-tool/build/CMakeFiles/CMakeTmp -resource-dir /Library/Developer/CommandLineTools/usr/lib/clang/14.0.3 -dependency-file CMakeFiles/cmTC_0a6a9.dir/CMakeCXXCompilerABI.cpp.o.d -skip-unused-modulemap-deps -MT CMakeFiles/cmTC_0a6a9.dir/CMakeCXXCompilerABI.cpp.o -sys-header-deps -isysroot /Library/Developer/CommandLineTools/SDKs/MacOSX13.3.sdk -stdlib=libc++ -internal-isystem /Library/Developer/CommandLineTools/SDKs/MacOSX13.3.sdk/usr/include/c++/v1 -internal-isystem /Library/Developer/CommandLineTools/SDKs/MacOSX13.3.sdk/usr/local/include -internal-isystem /Library/Developer/CommandLineTools/usr/lib/clang/14.0.3/include -internal-externc-isystem /Library/Developer/CommandLineTools/SDKs/MacOSX13.3.sdk/usr/include -internal-externc-isystem /Library/Developer/CommandLineTools/usr/include -Wno-reorder-init-list -Wno-implicit-int-float-conversion -Wno-c99-designator -Wno-final-dtor-non-final-class -Wno-extra-semi-stmt -Wno-misleading-indentation -Wno-quoted-include-in-framework-header -Wno-implicit-fallthrough -Wno-enum-enum-conversion -Wno-enum-float-conversion -Wno-elaborated-enum-base -Wno-reserved-identifier -Wno-gnu-folding-constant -fdeprecated-macro -fdebug-compilation-dir=/Users/haophancs/Desktop/simple-graph-tool/build/CMakeFiles/CMakeTmp -ferror-limit 19 -stack-protector 1 -fstack-check -mdarwin-stkchk-strong-link -fblocks -fencode-extended-block-signature -fregister-global-dtors-with-atexit -fgnuc-version=4.2.1 -fno-cxx-modules -no-opaque-pointers -fcxx-exceptions -fexceptions -fmax-type-align=16 -fcommon -clang-vendor-feature=+disableNonDependentMemberExprInCurrentInstantiation -fno-odr-hash-protocols -clang-vendor-feature=+enableAggressiveVLAFolding -clang-vendor-feature=+revert09abecef7bbf -clang-vendor-feature=+thisNoAlignAttr -clang-vendor-feature=+thisNoNullAttr -mllvm -disable-aligned-alloc-awareness=1 -D__GCC_HAVE_DWARF2_CFI_ASM=1 -o CMakeFiles/cmTC_0a6a9.dir/CMakeCXXCompilerABI.cpp.o -x c++ /usr/local/Cellar/cmake/3.24.2/share/cmake/Modules/CMakeCXXCompilerABI.cpp]
  ignore line: [clang -cc1 version 14.0.3 (clang-1403.0.22.14.1) default target x86_64-apple-darwin22.3.0]
  ignore line: [ignoring nonexistent directory "/Library/Developer/CommandLineTools/SDKs/MacOSX13.3.sdk/usr/local/include"]
  ignore line: [ignoring nonexistent directory "/Library/Developer/CommandLineTools/SDKs/MacOSX13.3.sdk/Library/Frameworks"]
  ignore line: [#include "..." search starts here:]
  ignore line: [#include <...> search starts here:]
  ignore line: [ /Library/Developer/CommandLineTools/SDKs/MacOSX13.3.sdk/usr/include/c++/v1]
  ignore line: [ /Library/Developer/CommandLineTools/usr/lib/clang/14.0.3/include]
  ignore line: [ /Library/Developer/CommandLineTools/SDKs/MacOSX13.3.sdk/usr/include]
  ignore line: [ /Library/Developer/CommandLineTools/usr/include]
  ignore line: [ /Library/Developer/CommandLineTools/SDKs/MacOSX13.3.sdk/System/Library/Frameworks (framework directory)]
  ignore line: [End of search list.]
  ignore line: [Linking CXX executable cmTC_0a6a9]
  ignore line: [/usr/local/Cellar/cmake/3.24.2/bin/cmake -E cmake_link_script CMakeFiles/cmTC_0a6a9.dir/link.txt --verbose=1]
  ignore line: [/Library/Developer/CommandLineTools/usr/bin/c++  -isysroot /Library/Developer/CommandLineTools/SDKs/MacOSX13.3.sdk -mmacosx-version-min=13.2 -Wl -search_paths_first -Wl -headerpad_max_install_names  -v -Wl -v CMakeFiles/cmTC_0a6a9.dir/CMakeCXXCompilerABI.cpp.o -o cmTC_0a6a9 ]
  ignore line: [Apple clang version 14.0.3 (clang-1403.0.22.14.1)]
  ignore line: [Target: x86_64-apple-darwin22.3.0]
  ignore line: [Thread model: posix]
  ignore line: [InstalledDir: /Library/Developer/CommandLineTools/usr/bin]
  link line: [ "/Library/Developer/CommandLineTools/usr/bin/ld" -demangle -lto_library /Library/Developer/CommandLineTools/usr/lib/libLTO.dylib -dynamic -arch x86_64 -platform_version macos 13.2.0 13.3 -syslibroot /Library/Developer/CommandLineTools/SDKs/MacOSX13.3.sdk -o cmTC_0a6a9 -L. -L/Library/Developer/CommandLineTools/SDKs/MacOSX.sdk/usr/lib -search_paths_first -headerpad_max_install_names -v CMakeFiles/cmTC_0a6a9.dir/CMakeCXXCompilerABI.cpp.o -lc++ -lSystem /Library/Developer/CommandLineTools/usr/lib/clang/14.0.3/lib/darwin/libclang_rt.osx.a]
    arg [/Library/Developer/CommandLineTools/usr/bin/ld] ==> ignore
    arg [-demangle] ==> ignore
    arg [-lto_library] ==> ignore, skip following value
    arg [/Library/Developer/CommandLineTools/usr/lib/libLTO.dylib] ==> skip value of -lto_library
    arg [-dynamic] ==> ignore
    arg [-arch] ==> ignore
    arg [x86_64] ==> ignore
    arg [-platform_version] ==> ignore
    arg [macos] ==> ignore
    arg [13.2.0] ==> ignore
    arg [13.3] ==> ignore
    arg [-syslibroot] ==> ignore
    arg [/Library/Developer/CommandLineTools/SDKs/MacOSX13.3.sdk] ==> ignore
    arg [-o] ==> ignore
    arg [cmTC_0a6a9] ==> ignore
    arg [-L.] ==> ignore
    arg [-L/Library/Developer/CommandLineTools/SDKs/MacOSX.sdk/usr/lib] ==> dir [/Library/Developer/CommandLineTools/SDKs/MacOSX.sdk/usr/lib]
    arg [-search_paths_first] ==> ignore
    arg [-headerpad_max_install_names] ==> ignore
    arg [-v] ==> ignore
    arg [CMakeFiles/cmTC_0a6a9.dir/CMakeCXXCompilerABI.cpp.o] ==> ignore
    arg [-lc++] ==> lib [c++]
    arg [-lSystem] ==> lib [System]
    arg [/Library/Developer/CommandLineTools/usr/lib/clang/14.0.3/lib/darwin/libclang_rt.osx.a] ==> lib [/Library/Developer/CommandLineTools/usr/lib/clang/14.0.3/lib/darwin/libclang_rt.osx.a]
  Library search paths: [;.;/Library/Developer/CommandLineTools/SDKs/MacOSX.sdk/usr/lib;/Library/Developer/CommandLineTools/SDKs/MacOSX13.3.sdk/usr/lib]
  Framework search paths: [;/Library/Developer/CommandLineTools/SDKs/MacOSX13.3.sdk/System/Library/Frameworks/]
  remove lib [System]
  remove lib [/Library/Developer/CommandLineTools/usr/lib/clang/14.0.3/lib/darwin/libclang_rt.osx.a]
  collapse library dir [/Library/Developer/CommandLineTools/SDKs/MacOSX.sdk/usr/lib] ==> [/Library/Developer/CommandLineTools/SDKs/MacOSX.sdk/usr/lib]
  collapse library dir [.] ==> [/Users/haophancs/Desktop/simple-graph-tool]
  collapse library dir [/Library/Developer/CommandLineTools/SDKs/MacOSX.sdk/usr/lib] ==> [/Library/Developer/CommandLineTools/SDKs/MacOSX.sdk/usr/lib]
  collapse library dir [/Library/Developer/CommandLineTools/SDKs/MacOSX13.3.sdk/usr/lib] ==> [/Library/Developer/CommandLineTools/SDKs/MacOSX13.3.sdk/usr/lib]
  collapse framework dir [/Library/Developer/CommandLineTools/SDKs/MacOSX13.3.sdk/System/Library/Frameworks/] ==> [/Library/Developer/CommandLineTools/SDKs/MacOSX13.3.sdk/System/Library/Frameworks]
  implicit libs: [c++]
  implicit objs: []
  implicit dirs: [/Library/Developer/CommandLineTools/SDKs/MacOSX.sdk/usr/lib;/Users/haophancs/Desktop/simple-graph-tool;/Library/Developer/CommandLineTools/SDKs/MacOSX13.3.sdk/usr/lib]
  implicit fwks: [/Library/Developer/CommandLineTools/SDKs/MacOSX13.3.sdk/System/Library/Frameworks]


